  C++.cpp
F:\repos\C++\C++.cpp(27,12): warning C4244: 'argument': conversion from 'time_t' to 'unsigned int', possible loss of data
F:\repos\C++\C++.cpp(71,17): warning C4553: '==': result of expression not used; did you intend '='?
F:\repos\C++\C++.cpp(159,19): warning C4566: character represented by universal-character-name '\u043D' cannot be represented in the current code page (1252)
F:\repos\C++\C++.cpp(159,19): warning C4566: character represented by universal-character-name '\u0430' cannot be represented in the current code page (1252)
F:\repos\C++\C++.cpp(159,19): warning C4566: character represented by universal-character-name '\u0439' cannot be represented in the current code page (1252)
F:\repos\C++\C++.cpp(159,19): warning C4566: character represented by universal-character-name '\u0434' cannot be represented in the current code page (1252)
F:\repos\C++\C++.cpp(159,19): warning C4566: character represented by universal-character-name '\u0435' cannot be represented in the current code page (1252)
F:\repos\C++\C++.cpp(159,19): warning C4566: character represented by universal-character-name '\u0432' cannot be represented in the current code page (1252)
F:\repos\C++\C++.cpp(159,19): warning C4566: character represented by universal-character-name '\u044B' cannot be represented in the current code page (1252)
F:\repos\C++\C++.cpp(159,19): warning C4566: character represented by universal-character-name '\u0445' cannot be represented in the current code page (1252)
F:\repos\C++\C++.cpp(159,19): warning C4566: character represented by universal-character-name '\u043E' cannot be represented in the current code page (1252)
F:\repos\C++\C++.cpp(159,19): warning C4566: character represented by universal-character-name '\u0438' cannot be represented in the current code page (1252)
F:\repos\C++\C++.cpp(159,19): warning C4566: character represented by universal-character-name '\u0437' cannot be represented in the current code page (1252)
F:\repos\C++\C++.cpp(159,19): warning C4566: character represented by universal-character-name '\u043B' cannot be represented in the current code page (1252)
F:\repos\C++\C++.cpp(159,19): warning C4566: character represented by universal-character-name '\u0431' cannot be represented in the current code page (1252)
F:\repos\C++\C++.cpp(159,19): warning C4566: character represented by universal-character-name '\u0440' cannot be represented in the current code page (1252)
F:\repos\C++\C++.cpp(159,19): warning C4566: character represented by universal-character-name '\u0442' cannot be represented in the current code page (1252)
F:\repos\C++\C++.cpp(159,71): warning C4566: character represented by universal-character-name '\u041F' cannot be represented in the current code page (1252)
F:\repos\C++\C++.cpp(159,71): warning C4566: character represented by universal-character-name '\u041E' cannot be represented in the current code page (1252)
F:\repos\C++\C++.cpp(159,71): warning C4566: character represented by universal-character-name '\u0411' cannot be represented in the current code page (1252)
F:\repos\C++\C++.cpp(159,71): warning C4566: character represented by universal-character-name '\u0415' cannot be represented in the current code page (1252)
F:\repos\C++\C++.cpp(159,71): warning C4566: character represented by universal-character-name '\u0414' cannot be represented in the current code page (1252)
F:\repos\C++\C++.cpp(159,71): warning C4566: character represented by universal-character-name '\u0410' cannot be represented in the current code page (1252)
  C++.vcxproj -> F:\repos\C++\x64\Debug\C++.exe
